{"level":"error","message":"Wed Dec 14 2022 18:00:30 GMT+0530 (India Standard Time)-{}","private":true}
{"level":"error","message":"Wed Dec 14 2022 18:06:03 GMT+0530 (India Standard Time)-{}","private":true}
{"level":"error","message":"Fri Dec 16 2022 14:28:35 GMT+0530 (India Standard Time)-{\"name\":\"Data Not found\",\"statusCode\":{},\"isOperational\":true}","private":true}
{"level":"error","message":"Fri Dec 16 2022 14:50:46 GMT+0530 (India Standard Time)-{\"name\":\"Data Not found\",\"statusCode\":404,\"isOperational\":true}","private":true}
{"level":"error","message":"Fri Dec 16 2022 15:52:56 GMT+0530 (India Standard Time)-{\"name\":\"Data Not found\",\"statusCode\":{},\"isOperational\":true}","private":true}
{"level":"error","message":"Fri Dec 16 2022 15:55:25 GMT+0530 (India Standard Time)-{\"name\":\"Data Not found\",\"statusCode\":{\"name\":\"API Error\",\"statusCode\":500,\"isOperational\":true},\"isOperational\":true}","private":true}
{"level":"error","message":"Fri Dec 16 2022 15:56:45 GMT+0530 (India Standard Time)-{\"name\":\"Data Not found\",\"statusCode\":{\"name\":\"API Error\",\"statusCode\":500,\"isOperational\":true},\"isOperational\":true}","private":true}
{"level":"error","message":"Fri Dec 16 2022 15:57:46 GMT+0530 (India Standard Time)-{\"name\":\"Data Not found\",\"statusCode\":{\"name\":\"API Error\",\"statusCode\":500,\"isOperational\":true},\"isOperational\":true}","private":true}
{"level":"error","message":"Fri Dec 16 2022 15:58:35 GMT+0530 (India Standard Time)-{\"name\":\"Data Not found\",\"statusCode\":{\"name\":\"API Error\",\"statusCode\":500,\"isOperational\":true},\"isOperational\":true}","private":true}
{"level":"error","message":"Fri Dec 16 2022 16:01:18 GMT+0530 (India Standard Time)-{\"name\":\"Data Not found\",\"statusCode\":{\"name\":\"API Error\",\"statusCode\":500,\"isOperational\":true},\"isOperational\":true}","private":true}
{"level":"error","message":"Fri Dec 16 2022 16:02:21 GMT+0530 (India Standard Time)-{\"name\":\"Data Not found\",\"statusCode\":{\"name\":\"API Error\",\"statusCode\":500,\"isOperational\":true},\"isOperational\":true}","private":true}
{"level":"error","message":"Fri Dec 16 2022 16:03:25 GMT+0530 (India Standard Time)-{\"name\":\"Data Not found\",\"statusCode\":{\"name\":\"API Error\",\"statusCode\":500,\"isOperational\":true},\"isOperational\":true}","private":true}
{"level":"error","message":"Fri Dec 16 2022 16:04:43 GMT+0530 (India Standard Time)-{\"name\":\"Data Not found\",\"statusCode\":{\"name\":\"API Error\",\"statusCode\":500,\"isOperational\":true},\"isOperational\":true}","private":true}
{"level":"error","message":"Fri Dec 30 2022 15:40:54 GMT+0530 (India Standard Time)-{\"name\":\"Data Not found\",\"statusCode\":500,\"isOperational\":true}","private":true}
{"level":"error","message":"Fri Dec 30 2022 17:14:51 GMT+0530 (India Standard Time)-{\"name\":\"Data Not found\",\"statusCode\":{},\"isOperational\":true}","private":true}
{"level":"error","message":"Fri Dec 30 2022 17:22:58 GMT+0530 (India Standard Time)-{\"name\":\"Data Not found\",\"statusCode\":{},\"isOperational\":true}","private":true}
{"level":"error","message":"Fri Feb 17 2023 11:51:31 GMT+0530 (India Standard Time)-{\"name\":\"Data Not found\",\"statusCode\":{\"name\":\"API Error\",\"statusCode\":500,\"isOperational\":true},\"isOperational\":true}","private":true}
{"level":"error","message":"Fri Feb 17 2023 11:53:17 GMT+0530 (India Standard Time)-{\"name\":\"Data Not found\",\"statusCode\":{\"name\":\"API Error\",\"statusCode\":500,\"isOperational\":true},\"isOperational\":true}","private":true}
{"level":"error","message":"Fri Feb 17 2023 11:57:50 GMT+0530 (India Standard Time)-{\"name\":\"Data Not found\",\"statusCode\":{\"name\":\"API Error\",\"statusCode\":500,\"isOperational\":true},\"isOperational\":true}","private":true}
{"level":"error","message":"Fri Feb 17 2023 14:49:08 GMT+0530 (India Standard Time)-{\"name\":\"Data Not found\",\"statusCode\":{\"name\":\"API Error\",\"statusCode\":500,\"isOperational\":true},\"isOperational\":true}","private":true}
{"level":"error","message":"Fri Feb 17 2023 14:50:25 GMT+0530 (India Standard Time)-{\"name\":\"Data Not found\",\"statusCode\":{\"name\":\"API Error\",\"statusCode\":500,\"isOperational\":true},\"isOperational\":true}","private":true}
{"level":"error","message":"Fri Feb 17 2023 15:24:23 GMT+0530 (India Standard Time)-{\"name\":\"Data Not found\",\"statusCode\":{},\"isOperational\":true}","private":true}
{"level":"error","message":"Fri Feb 17 2023 15:25:09 GMT+0530 (India Standard Time)-{\"name\":\"Data Not found\",\"statusCode\":{},\"isOperational\":true}","private":true}
{"level":"error","message":"Fri Feb 17 2023 15:25:34 GMT+0530 (India Standard Time)-{\"name\":\"Data Not found\",\"statusCode\":{\"name\":\"API Error\",\"statusCode\":500,\"isOperational\":true},\"isOperational\":true}","private":true}
{"level":"error","message":"Fri Feb 17 2023 15:26:54 GMT+0530 (India Standard Time)-{\"name\":\"Data Not found\",\"statusCode\":{\"name\":\"API Error\",\"statusCode\":500,\"isOperational\":true},\"isOperational\":true}","private":true}
{"level":"error","message":"Fri Feb 17 2023 15:29:37 GMT+0530 (India Standard Time)-{\"name\":\"Data Not found\",\"statusCode\":{\"name\":\"API Error\",\"statusCode\":500,\"isOperational\":true},\"isOperational\":true}","private":true}
{"level":"error","message":"Tue Feb 28 2023 10:48:27 GMT+0530 (India Standard Time)-{\"name\":\"Data Not found\",\"statusCode\":500,\"isOperational\":true}","private":true}
{"level":"error","message":"Tue Feb 28 2023 10:48:56 GMT+0530 (India Standard Time)-{\"name\":\"Data Not found\",\"statusCode\":500,\"isOperational\":true}","private":true}
{"level":"error","message":"Tue Feb 28 2023 10:49:05 GMT+0530 (India Standard Time)-{\"name\":\"Data Not found\",\"statusCode\":500,\"isOperational\":true}","private":true}
{"level":"error","message":"Tue Feb 28 2023 10:49:28 GMT+0530 (India Standard Time)-{\"name\":\"Data Not found\",\"statusCode\":500,\"isOperational\":true}","private":true}
{"level":"error","message":"Tue Feb 28 2023 10:52:00 GMT+0530 (India Standard Time)-{\"name\":\"Data Not found\",\"statusCode\":500,\"isOperational\":true}","private":true}
{"level":"error","message":"Tue Feb 28 2023 10:52:43 GMT+0530 (India Standard Time)-{\"name\":\"Data Not found\",\"statusCode\":500,\"isOperational\":true}","private":true}
{"level":"error","message":"Tue Feb 28 2023 15:22:01 GMT+0530 (India Standard Time)-{\"name\":\"Data Not found\",\"statusCode\":500,\"isOperational\":true}","private":true}
{"level":"error","message":"Tue Feb 28 2023 15:29:09 GMT+0530 (India Standard Time)-{\"name\":\"Data Not found\",\"statusCode\":500,\"isOperational\":true}","private":true}
{"level":"error","message":"Tue Feb 28 2023 15:29:27 GMT+0530 (India Standard Time)-{\"name\":\"Data Not found\",\"statusCode\":500,\"isOperational\":true}","private":true}
{"level":"error","message":"Tue Feb 28 2023 15:30:55 GMT+0530 (India Standard Time)-{\"name\":\"Data Not found\",\"statusCode\":500,\"isOperational\":true}","private":true}
{"level":"error","message":"Tue Feb 28 2023 15:31:08 GMT+0530 (India Standard Time)-{\"name\":\"Data Not found\",\"statusCode\":500,\"isOperational\":true}","private":true}
{"level":"error","message":"Tue Feb 28 2023 15:32:07 GMT+0530 (India Standard Time)-{\"name\":\"Data Not found\",\"statusCode\":500,\"isOperational\":true}","private":true}
{"level":"error","message":"Tue Feb 28 2023 15:34:10 GMT+0530 (India Standard Time)-{\"name\":\"Data Not found\",\"statusCode\":500,\"isOperational\":true}","private":true}
{"level":"error","message":"Tue Feb 28 2023 15:51:45 GMT+0530 (India Standard Time)-{\"name\":\"Data Not found\",\"statusCode\":500,\"isOperational\":true}","private":true}
{"level":"error","message":"Tue Feb 28 2023 15:58:17 GMT+0530 (India Standard Time)-{\"name\":\"Data Not found\",\"statusCode\":500,\"isOperational\":true}","private":true}
{"level":"error","message":"Tue Feb 28 2023 16:06:09 GMT+0530 (India Standard Time)-{\"name\":\"Data Not found\",\"statusCode\":500,\"isOperational\":true}","private":true}
{"level":"error","message":"Tue Feb 28 2023 16:10:22 GMT+0530 (India Standard Time)-{\"name\":\"Data Not found\",\"statusCode\":500,\"isOperational\":true}","private":true}
{"level":"error","message":"Tue Feb 28 2023 16:12:12 GMT+0530 (India Standard Time)-{\"name\":\"Data Not found\",\"statusCode\":500,\"isOperational\":true}","private":true}
{"level":"error","message":"Tue Feb 28 2023 16:13:29 GMT+0530 (India Standard Time)-{\"name\":\"Data Not found\",\"statusCode\":500,\"isOperational\":true}","private":true}
{"level":"error","message":"Tue Feb 28 2023 16:14:34 GMT+0530 (India Standard Time)-{\"name\":\"Data Not found\",\"statusCode\":500,\"isOperational\":true}","private":true}
{"level":"error","message":"Tue Feb 28 2023 16:35:21 GMT+0530 (India Standard Time)-{\"name\":\"Data Not found\",\"statusCode\":500,\"isOperational\":true}","private":true}
{"level":"error","message":"Mon Mar 06 2023 11:43:19 GMT+0530 (India Standard Time)-{\"name\":\"Data Not found\",\"statusCode\":500,\"isOperational\":true}","private":true}
{"level":"error","message":"Mon Mar 06 2023 14:50:43 GMT+0530 (India Standard Time)-{\"name\":\"Data Not found\",\"statusCode\":500,\"isOperational\":true}","private":true}
{"level":"error","message":"Mon Mar 06 2023 14:51:11 GMT+0530 (India Standard Time)-{\"name\":\"Data Not found\",\"statusCode\":500,\"isOperational\":true}","private":true}
{"level":"error","message":"Wed Mar 15 2023 11:18:59 GMT+0530 (India Standard Time)-{}","private":true}
{"level":"error","message":"Wed Mar 15 2023 11:19:18 GMT+0530 (India Standard Time)-{}","private":true}
{"level":"error","message":"Wed Mar 15 2023 11:20:05 GMT+0530 (India Standard Time)-{}","private":true}
{"level":"error","message":"Wed Mar 15 2023 11:20:54 GMT+0530 (India Standard Time)-{}","private":true}
{"level":"error","message":"Wed Mar 15 2023 11:21:37 GMT+0530 (India Standard Time)-{}","private":true}
{"level":"error","message":"Wed Mar 15 2023 11:22:11 GMT+0530 (India Standard Time)-{}","private":true}
{"level":"error","message":"Wed Mar 15 2023 11:23:42 GMT+0530 (India Standard Time)-{}","private":true}
{"level":"error","message":"Wed Mar 15 2023 11:24:19 GMT+0530 (India Standard Time)-{}","private":true}
{"level":"error","message":"Wed Mar 15 2023 11:32:39 GMT+0530 (India Standard Time)-{\"name\":\"Data Not found\",\"statusCode\":500,\"isOperational\":true}","private":true}
{"level":"error","message":"Wed Mar 15 2023 11:34:28 GMT+0530 (India Standard Time)-{\"name\":\"Data Not found\",\"statusCode\":500,\"isOperational\":true}","private":true}
{"level":"error","message":"Wed Mar 15 2023 11:48:17 GMT+0530 (India Standard Time)-{\"name\":\"Data Not found\",\"statusCode\":500,\"isOperational\":true}","private":true}
{"level":"error","message":"Wed Mar 15 2023 11:56:18 GMT+0530 (India Standard Time)-{\"name\":\"Data Not found\",\"statusCode\":500,\"isOperational\":true}","private":true}
{"level":"error","message":"Wed Mar 15 2023 11:57:36 GMT+0530 (India Standard Time)-{\"name\":\"Data Not found\",\"statusCode\":500,\"isOperational\":true}","private":true}
{"level":"error","message":"Wed Mar 15 2023 11:58:07 GMT+0530 (India Standard Time)-{\"name\":\"Data Not found\",\"statusCode\":500,\"isOperational\":true}","private":true}
{"level":"error","message":"Wed Mar 15 2023 12:01:50 GMT+0530 (India Standard Time)-{\"name\":\"Data Not found\",\"statusCode\":500,\"isOperational\":true}","private":true}
{"level":"error","message":"Wed Mar 15 2023 12:02:10 GMT+0530 (India Standard Time)-{\"name\":\"Data Not found\",\"statusCode\":500,\"isOperational\":true}","private":true}
{"level":"error","message":"Wed Mar 15 2023 12:10:52 GMT+0530 (India Standard Time)-{\"name\":\"Data Not found\",\"statusCode\":500,\"isOperational\":true}","private":true}
{"level":"error","message":"Wed Mar 15 2023 12:28:41 GMT+0530 (India Standard Time)-{\"name\":\"Data Not found\",\"statusCode\":500,\"isOperational\":true}","private":true}
{"level":"error","message":"Wed Mar 15 2023 14:31:21 GMT+0530 (India Standard Time)-{\"name\":\"Data Not found\",\"statusCode\":500,\"isOperational\":true}","private":true}
{"level":"error","message":"Wed Mar 15 2023 14:31:35 GMT+0530 (India Standard Time)-{\"name\":\"Data Not found\",\"statusCode\":500,\"isOperational\":true}","private":true}
{"level":"error","message":"Wed Mar 15 2023 14:43:43 GMT+0530 (India Standard Time)-{\"name\":\"Data Not found\",\"statusCode\":500,\"isOperational\":true}","private":true}
{"level":"error","message":"Wed Mar 15 2023 14:44:20 GMT+0530 (India Standard Time)-{\"name\":\"Data Not found\",\"statusCode\":500,\"isOperational\":true}","private":true}
{"level":"error","message":"Wed Mar 15 2023 14:45:26 GMT+0530 (India Standard Time)-{\"name\":\"Data Not found\",\"statusCode\":500,\"isOperational\":true}","private":true}
{"level":"error","message":"Wed Mar 15 2023 14:51:25 GMT+0530 (India Standard Time)-{\"name\":\"Data Not found\",\"statusCode\":500,\"isOperational\":true}","private":true}
{"level":"error","message":"Wed Mar 15 2023 18:16:59 GMT+0530 (India Standard Time)-{\"name\":\"Data Not found\",\"statusCode\":500,\"isOperational\":true}","private":true}
{"level":"error","message":"Thu Mar 16 2023 11:09:18 GMT+0530 (India Standard Time)-{\"name\":\"Data Not found\",\"statusCode\":500,\"isOperational\":true}","private":true}
